<?xml version="1.0" encoding="UTF-8"?>
<!-- Generated by org.testng.reporters.JUnitReportReporter -->
<testsuite hostname="sunil-VirtualBox" failures="0" tests="2" name="ApploginTest.ApplicationTest" time="1.747" errors="0" timestamp="2023-07-17T16:01:14 IST" skipped="0">
  <testcase classname="ApploginTest.ApplicationTest" name="launchapp" time="1.591"/>
  <testcase classname="ApploginTest.ApplicationTest" name="VerifyText" time="0.156"/>
</testsuite> <!-- ApploginTest.ApplicationTest -->
